<?xml version="1.0" encoding="UTF-8"?>
<!-- Generated by org.testng.reporters.JUnitReportReporter -->
<testsuite hostname="DESKTOP-FO34L36" failures="0" tests="1" name="Scenarios.LogInPageTest2" time="5.859" errors="0" timestamp="2021-07-15T15:54:34 IST" skipped="0">
  <testcase classname="Scenarios.LogInPageTest2" name="ValidCredentials" time="5.859"/>
  <system-out/>
</testsuite> <!-- Scenarios.LogInPageTest2 -->
