<?xml version="1.0" encoding="UTF-8"?>
<!-- Generated by org.testng.reporters.JUnitReportReporter -->
<testsuite hostname="DESKTOP-FO34L36" failures="0" tests="4" name="insurancetests.InsuranceTest" time="6.918" errors="0" timestamp="2021-07-15T07:53:56 IST" skipped="3">
  <testcase classname="insurancetests.InsuranceTest" name="requestQuote" time="6.918"/>
  <system-out/>
  <testcase classname="insurancetests.InsuranceTest" name="LogoutTest">
    <skipped/>
  </testcase> <!-- LogoutTest -->
  <system-out/>
  <testcase classname="insurancetests.InsuranceTest" name="ValidCredentials">
    <skipped/>
  </testcase> <!-- ValidCredentials -->
  <system-out/>
  <testcase classname="insurancetests.InsuranceTest" name="InvalidCredential">
    <skipped/>
  </testcase> <!-- InvalidCredential -->
  <system-out/>
</testsuite> <!-- insurancetests.InsuranceTest -->
