<?xml version="1.0" encoding="UTF-8"?>
<!-- Generated by org.testng.reporters.JUnitReportReporter -->
<testsuite hostname="DESKTOP-FO34L36" failures="0" tests="1" name="Scenarios.HomePageTest" time="7.472" errors="0" timestamp="2021-07-15T19:20:51 IST" skipped="0">
  <testcase classname="Scenarios.HomePageTest" name="requestQuote1" time="7.472"/>
  <system-out/>
</testsuite> <!-- Scenarios.HomePageTest -->
